  [1m[35m (1.6ms)[0m  [1m[34mSELECT sqlite_version(*)[0m
  [1m[35m (0.8ms)[0m  [1m[35mCREATE TABLE "schema_migrations" ("version" varchar NOT NULL PRIMARY KEY)[0m
  [1m[35m (1.7ms)[0m  [1m[35mCREATE TABLE "ar_internal_metadata" ("key" varchar NOT NULL PRIMARY KEY, "value" varchar, "created_at" datetime(6) NOT NULL, "updated_at" datetime(6) NOT NULL)[0m
  [1m[35m (0.2ms)[0m  [1m[34mSELECT "schema_migrations"."version" FROM "schema_migrations" ORDER BY "schema_migrations"."version" ASC[0m
Migrating to CreateUsers (20220226031640)
  [1m[36mTRANSACTION (0.1ms)[0m  [1m[36mbegin transaction[0m
  [1m[35m (0.3ms)[0m  [1m[35mCREATE TABLE "users" ("id" integer PRIMARY KEY AUTOINCREMENT NOT NULL, "name" varchar, "username" varchar, "password_digest" varchar, "created_at" datetime(6) NOT NULL, "updated_at" datetime(6) NOT NULL)[0m
  [1m[36mActiveRecord::SchemaMigration Create (0.2ms)[0m  [1m[32mINSERT INTO "schema_migrations" ("version") VALUES (?)[0m  [["version", "20220226031640"]]
  [1m[36mTRANSACTION (1.2ms)[0m  [1m[36mcommit transaction[0m
  [1m[36mActiveRecord::InternalMetadata Load (0.2ms)[0m  [1m[34mSELECT "ar_internal_metadata".* FROM "ar_internal_metadata" WHERE "ar_internal_metadata"."key" = ? LIMIT ?[0m  [["key", "environment"], ["LIMIT", 1]]
  [1m[36mTRANSACTION (0.1ms)[0m  [1m[36mbegin transaction[0m
  [1m[36mActiveRecord::InternalMetadata Create (0.4ms)[0m  [1m[32mINSERT INTO "ar_internal_metadata" ("key", "value", "created_at", "updated_at") VALUES (?, ?, ?, ?)[0m  [["key", "environment"], ["value", "development"], ["created_at", "2022-02-26 03:23:54.022815"], ["updated_at", "2022-02-26 03:23:54.022815"]]
  [1m[36mTRANSACTION (0.9ms)[0m  [1m[36mcommit transaction[0m
  [1m[35m (0.0ms)[0m  [1m[34mSELECT sqlite_version(*)[0m
  [1m[35m (0.1ms)[0m  [1m[34mSELECT "schema_migrations"."version" FROM "schema_migrations" ORDER BY "schema_migrations"."version" ASC[0m
  [1m[35m (0.4ms)[0m  [1m[34mSELECT sqlite_version(*)[0m
  [1m[35m (0.1ms)[0m  [1m[34mSELECT "schema_migrations"."version" FROM "schema_migrations" ORDER BY "schema_migrations"."version" ASC[0m
  [1m[35m (0.0ms)[0m  [1m[34mSELECT sqlite_version(*)[0m
  [1m[35m (0.4ms)[0m  [1m[34mSELECT sqlite_version(*)[0m
  [1m[35m (0.1ms)[0m  [1m[34mSELECT "schema_migrations"."version" FROM "schema_migrations" ORDER BY "schema_migrations"."version" ASC[0m
  [1m[35m (0.0ms)[0m  [1m[34mSELECT sqlite_version(*)[0m
  [1m[36mTRANSACTION (0.1ms)[0m  [1m[36mbegin transaction[0m
  [1m[36mUser Create (0.4ms)[0m  [1m[32mINSERT INTO "users" ("name", "username", "password_digest", "created_at", "updated_at") VALUES (?, ?, ?, ?, ?)[0m  [["name", "Eddie"], ["username", "eddieb"], ["password_digest", "$2a$12$P4YqPIrSN19ZWLU8nch71u44eL06LzuyVS.9SPbh8nh0IldlR9K0e"], ["created_at", "2022-02-26 03:29:13.695651"], ["updated_at", "2022-02-26 03:29:13.695651"]]
  [1m[36mTRANSACTION (1.9ms)[0m  [1m[36mcommit transaction[0m
  [1m[35m (0.3ms)[0m  [1m[34mSELECT sqlite_version(*)[0m
  [1m[36mUser Load (0.1ms)[0m  [1m[34mSELECT "users".* FROM "users" ORDER BY "users"."id" ASC LIMIT ?[0m  [["LIMIT", 1]]
Started GET "/" for ::1 at 2022-02-25 22:30:04 -0500
  [1m[35m (1.0ms)[0m  [1m[34mSELECT sqlite_version(*)[0m
  [1m[35m (0.1ms)[0m  [1m[34mSELECT "schema_migrations"."version" FROM "schema_migrations" ORDER BY "schema_migrations"."version" ASC[0m
Processing by Rails::WelcomeController#index as HTML
  Rendering /Users/lesliegonzalez/.rvm/gems/ruby-2.6.1/gems/railties-6.1.4.6/lib/rails/templates/rails/welcome/index.html.erb
  Rendered /Users/lesliegonzalez/.rvm/gems/ruby-2.6.1/gems/railties-6.1.4.6/lib/rails/templates/rails/welcome/index.html.erb (Duration: 5.7ms | Allocations: 476)
Completed 200 OK in 24ms (Views: 10.0ms | ActiveRecord: 0.0ms | Allocations: 4111)


Started GET "/favicon.ico" for ::1 at 2022-02-25 22:30:05 -0500
  
ActionController::RoutingError (No route matches [GET] "/favicon.ico"):
  
Started GET "/rails/info/routes" for ::1 at 2022-02-25 22:30:43 -0500
Processing by Rails::InfoController#routes as HTML
  Rendering layout /Users/lesliegonzalez/.rvm/gems/ruby-2.6.1/gems/railties-6.1.4.6/lib/rails/templates/layouts/application.html.erb
  Rendering /Users/lesliegonzalez/.rvm/gems/ruby-2.6.1/gems/railties-6.1.4.6/lib/rails/templates/rails/info/routes.html.erb within layouts/application
  Rendered collection of /Users/lesliegonzalez/.rvm/gems/ruby-2.6.1/gems/actionpack-6.1.4.6/lib/action_dispatch/middleware/templates/routes/_route.html.erb [30 times] (Duration: 17.0ms | Allocations: 3479)
  Rendered /Users/lesliegonzalez/.rvm/gems/ruby-2.6.1/gems/actionpack-6.1.4.6/lib/action_dispatch/middleware/templates/routes/_table.html.erb (Duration: 0.7ms | Allocations: 695)
  Rendered /Users/lesliegonzalez/.rvm/gems/ruby-2.6.1/gems/railties-6.1.4.6/lib/rails/templates/rails/info/routes.html.erb within layouts/application (Duration: 20.0ms | Allocations: 6302)
  Rendered layout /Users/lesliegonzalez/.rvm/gems/ruby-2.6.1/gems/railties-6.1.4.6/lib/rails/templates/layouts/application.html.erb (Duration: 20.4ms | Allocations: 6541)
Completed 200 OK in 23ms (Views: 21.9ms | ActiveRecord: 0.0ms | Allocations: 7610)


Started GET "/api/v1/users" for ::1 at 2022-02-25 22:31:45 -0500
  
ActionController::RoutingError (uninitialized constant Api):
  
Started GET "/api/v1/users" for ::1 at 2022-02-25 22:41:11 -0500
Processing by Api::V1::UsersController#index as HTML
  [1m[35m (0.1ms)[0m  [1m[34mSELECT sqlite_version(*)[0m
  ↳ app/controllers/api/v1/users_controller.rb:8:in `index'
  [1m[36mUser Load (0.1ms)[0m  [1m[34mSELECT "users".* FROM "users"[0m
  ↳ app/controllers/api/v1/users_controller.rb:8:in `index'
Completed 200 OK in 10ms (Views: 7.3ms | ActiveRecord: 0.8ms | Allocations: 5950)


  [1m[35m (0.9ms)[0m  [1m[34mSELECT sqlite_version(*)[0m
  [1m[35m (0.1ms)[0m  [1m[34mSELECT "schema_migrations"."version" FROM "schema_migrations" ORDER BY "schema_migrations"."version" ASC[0m
Migrating to CreateLocations (20220226035353)
  [1m[36mTRANSACTION (0.0ms)[0m  [1m[36mbegin transaction[0m
  [1m[35m (0.3ms)[0m  [1m[35mCREATE TABLE "locations" ("id" integer PRIMARY KEY AUTOINCREMENT NOT NULL, "city" varchar, "state" varchar, "country" varchar, "created_at" datetime(6) NOT NULL, "updated_at" datetime(6) NOT NULL)[0m
  [1m[36mActiveRecord::SchemaMigration Create (0.2ms)[0m  [1m[32mINSERT INTO "schema_migrations" ("version") VALUES (?)[0m  [["version", "20220226035353"]]
  [1m[36mTRANSACTION (1.6ms)[0m  [1m[36mcommit transaction[0m
Migrating to AddHometownIdToUsers (20220226040754)
  [1m[36mTRANSACTION (0.1ms)[0m  [1m[36mbegin transaction[0m
  [1m[35m (0.4ms)[0m  [1m[35mALTER TABLE "users" ADD "hometown_id" integer[0m
  [1m[36mActiveRecord::SchemaMigration Create (0.1ms)[0m  [1m[32mINSERT INTO "schema_migrations" ("version") VALUES (?)[0m  [["version", "20220226040754"]]
  [1m[36mTRANSACTION (0.9ms)[0m  [1m[36mcommit transaction[0m
  [1m[36mActiveRecord::InternalMetadata Load (0.2ms)[0m  [1m[34mSELECT "ar_internal_metadata".* FROM "ar_internal_metadata" WHERE "ar_internal_metadata"."key" = ? LIMIT ?[0m  [["key", "environment"], ["LIMIT", 1]]
  [1m[35m (0.0ms)[0m  [1m[34mSELECT sqlite_version(*)[0m
  [1m[35m (0.1ms)[0m  [1m[34mSELECT "schema_migrations"."version" FROM "schema_migrations" ORDER BY "schema_migrations"."version" ASC[0m
  [1m[35m (0.3ms)[0m  [1m[34mSELECT sqlite_version(*)[0m
  [1m[36mTRANSACTION (0.1ms)[0m  [1m[36mbegin transaction[0m
  [1m[36mLocation Create (0.3ms)[0m  [1m[32mINSERT INTO "locations" ("city", "state", "country", "created_at", "updated_at") VALUES (?, ?, ?, ?, ?)[0m  [["city", "London"], ["state", "London"], ["country", "United Kingdom"], ["created_at", "2022-02-26 04:12:04.136599"], ["updated_at", "2022-02-26 04:12:04.136599"]]
  [1m[36mTRANSACTION (1.1ms)[0m  [1m[36mcommit transaction[0m
  [1m[36mUser Load (0.1ms)[0m  [1m[34mSELECT "users".* FROM "users" ORDER BY "users"."id" ASC LIMIT ?[0m  [["LIMIT", 1]]
  [1m[36mLocation Load (0.1ms)[0m  [1m[34mSELECT "locations".* FROM "locations" ORDER BY "locations"."id" ASC LIMIT ?[0m  [["LIMIT", 1]]
  [1m[35m (0.5ms)[0m  [1m[34mSELECT sqlite_version(*)[0m
  [1m[36mUser Load (0.1ms)[0m  [1m[34mSELECT "users".* FROM "users" ORDER BY "users"."id" ASC LIMIT ?[0m  [["LIMIT", 1]]
  [1m[36mLocation Load (0.1ms)[0m  [1m[34mSELECT "locations".* FROM "locations" ORDER BY "locations"."id" ASC LIMIT ?[0m  [["LIMIT", 1]]
  [1m[36mUser Load (0.1ms)[0m  [1m[34mSELECT "users".* FROM "users" WHERE "users"."hometown_id" = ? /* loading for inspect */ LIMIT ?[0m  [["hometown_id", 1], ["LIMIT", 11]]
  [1m[36mTRANSACTION (0.1ms)[0m  [1m[36mbegin transaction[0m
  [1m[36mUser Update (0.4ms)[0m  [1m[33mUPDATE "users" SET "updated_at" = ?, "hometown_id" = ? WHERE "users"."id" = ?[0m  [["updated_at", "2022-02-26 04:16:46.419059"], ["hometown_id", 1], ["id", 1]]
  [1m[36mTRANSACTION (2.0ms)[0m  [1m[36mcommit transaction[0m
  [1m[36mUser Load (0.1ms)[0m  [1m[34mSELECT "users".* FROM "users" WHERE "users"."hometown_id" = ? /* loading for inspect */ LIMIT ?[0m  [["hometown_id", 1], ["LIMIT", 11]]
  [1m[35m (1.0ms)[0m  [1m[34mSELECT sqlite_version(*)[0m
  [1m[35m (0.6ms)[0m  [1m[34mSELECT "schema_migrations"."version" FROM "schema_migrations" ORDER BY "schema_migrations"."version" ASC[0m
Migrating to CreateAttractions (20220226112631)
  [1m[36mTRANSACTION (0.0ms)[0m  [1m[36mbegin transaction[0m
  [1m[35m (0.4ms)[0m  [1m[35mCREATE TABLE "attractions" ("id" integer PRIMARY KEY AUTOINCREMENT NOT NULL, "name" varchar, "description" varchar, "location_id" integer, "created_at" datetime(6) NOT NULL, "updated_at" datetime(6) NOT NULL)[0m
  [1m[36mActiveRecord::SchemaMigration Create (0.6ms)[0m  [1m[32mINSERT INTO "schema_migrations" ("version") VALUES (?)[0m  [["version", "20220226112631"]]
  [1m[36mTRANSACTION (0.7ms)[0m  [1m[36mcommit transaction[0m
Migrating to CreateComments (20220226112654)
  [1m[36mTRANSACTION (0.1ms)[0m  [1m[36mbegin transaction[0m
  [1m[35m (0.4ms)[0m  [1m[35mCREATE TABLE "comments" ("id" integer PRIMARY KEY AUTOINCREMENT NOT NULL, "content" varchar, "user_id" integer, "attraction_id" integer, "created_at" datetime(6) NOT NULL, "updated_at" datetime(6) NOT NULL)[0m
  [1m[36mActiveRecord::SchemaMigration Create (0.2ms)[0m  [1m[32mINSERT INTO "schema_migrations" ("version") VALUES (?)[0m  [["version", "20220226112654"]]
  [1m[36mTRANSACTION (1.0ms)[0m  [1m[36mcommit transaction[0m
Migrating to CreateTrips (20220226112709)
  [1m[36mTRANSACTION (0.0ms)[0m  [1m[36mbegin transaction[0m
  [1m[35m (0.3ms)[0m  [1m[35mCREATE TABLE "trips" ("id" integer PRIMARY KEY AUTOINCREMENT NOT NULL, "start_date" varchar, "end_date" varchar, "location_id" integer, "user_id" integer, "created_at" datetime(6) NOT NULL, "updated_at" datetime(6) NOT NULL)[0m
  [1m[36mActiveRecord::SchemaMigration Create (0.2ms)[0m  [1m[32mINSERT INTO "schema_migrations" ("version") VALUES (?)[0m  [["version", "20220226112709"]]
  [1m[36mTRANSACTION (1.1ms)[0m  [1m[36mcommit transaction[0m
  [1m[36mActiveRecord::InternalMetadata Load (0.5ms)[0m  [1m[34mSELECT "ar_internal_metadata".* FROM "ar_internal_metadata" WHERE "ar_internal_metadata"."key" = ? LIMIT ?[0m  [["key", "environment"], ["LIMIT", 1]]
  [1m[35m (0.0ms)[0m  [1m[34mSELECT sqlite_version(*)[0m
  [1m[35m (0.1ms)[0m  [1m[34mSELECT "schema_migrations"."version" FROM "schema_migrations" ORDER BY "schema_migrations"."version" ASC[0m
  [1m[35m (1.0ms)[0m  [1m[34mSELECT sqlite_version(*)[0m
  [1m[35m (0.7ms)[0m  [1m[34mSELECT "schema_migrations"."version" FROM "schema_migrations" ORDER BY "schema_migrations"."version" ASC[0m
Migrating to CreateVisits (20220226155953)
  [1m[36mTRANSACTION (0.1ms)[0m  [1m[36mbegin transaction[0m
  [1m[35m (0.3ms)[0m  [1m[35mCREATE TABLE "visits" ("id" integer PRIMARY KEY AUTOINCREMENT NOT NULL, "trip_id" integer, "attraction_id" integer, "date" date, "created_at" datetime(6) NOT NULL, "updated_at" datetime(6) NOT NULL)[0m
  [1m[36mActiveRecord::SchemaMigration Create (0.4ms)[0m  [1m[32mINSERT INTO "schema_migrations" ("version") VALUES (?)[0m  [["version", "20220226155953"]]
  [1m[36mTRANSACTION (2.1ms)[0m  [1m[36mcommit transaction[0m
  [1m[36mActiveRecord::InternalMetadata Load (0.5ms)[0m  [1m[34mSELECT "ar_internal_metadata".* FROM "ar_internal_metadata" WHERE "ar_internal_metadata"."key" = ? LIMIT ?[0m  [["key", "environment"], ["LIMIT", 1]]
  [1m[35m (0.0ms)[0m  [1m[34mSELECT sqlite_version(*)[0m
  [1m[35m (0.1ms)[0m  [1m[34mSELECT "schema_migrations"."version" FROM "schema_migrations" ORDER BY "schema_migrations"."version" ASC[0m
  [1m[35m (0.4ms)[0m  [1m[34mSELECT sqlite_version(*)[0m
  [1m[35m (0.1ms)[0m  [1m[34mSELECT "schema_migrations"."version" FROM "schema_migrations" ORDER BY "schema_migrations"."version" ASC[0m
  [1m[35m (0.0ms)[0m  [1m[34mSELECT sqlite_version(*)[0m
  [1m[36mTRANSACTION (0.1ms)[0m  [1m[36mbegin transaction[0m
  [1m[36mLocation Create (11.8ms)[0m  [1m[32mINSERT INTO "locations" ("city", "state", "country", "created_at", "updated_at") VALUES (?, ?, ?, ?, ?)[0m  [["city", "Anaheim"], ["state", "California"], ["country", "USA"], ["created_at", "2022-02-26 17:01:05.496427"], ["updated_at", "2022-02-26 17:01:05.496427"]]
  [1m[36mTRANSACTION (1.1ms)[0m  [1m[36mcommit transaction[0m
  [1m[36mTRANSACTION (0.0ms)[0m  [1m[36mbegin transaction[0m
  [1m[36mAttraction Create (0.3ms)[0m  [1m[32mINSERT INTO "attractions" ("name", "description", "location_id", "created_at", "updated_at") VALUES (?, ?, ?, ?, ?)[0m  [["name", "Disneyland"], ["description", "Happiest place on Earth!"], ["location_id", 2], ["created_at", "2022-02-26 17:01:05.526037"], ["updated_at", "2022-02-26 17:01:05.526037"]]
  [1m[36mTRANSACTION (1.1ms)[0m  [1m[36mcommit transaction[0m
  [1m[36mAttraction Load (0.1ms)[0m  [1m[34mSELECT "attractions".* FROM "attractions" ORDER BY "attractions"."id" ASC LIMIT ?[0m  [["LIMIT", 1]]
  [1m[36mUser Load (0.1ms)[0m  [1m[34mSELECT "users".* FROM "users" ORDER BY "users"."id" ASC LIMIT ?[0m  [["LIMIT", 1]]
  [1m[35m (0.8ms)[0m  [1m[34mSELECT sqlite_version(*)[0m
  [1m[35m (0.1ms)[0m  [1m[34mSELECT "schema_migrations"."version" FROM "schema_migrations" ORDER BY "schema_migrations"."version" ASC[0m
  [1m[35m (0.0ms)[0m  [1m[34mSELECT sqlite_version(*)[0m
  [1m[36mTRANSACTION (0.0ms)[0m  [1m[36mbegin transaction[0m
  [1m[36mLocation Create (0.4ms)[0m  [1m[32mINSERT INTO "locations" ("city", "state", "country", "created_at", "updated_at") VALUES (?, ?, ?, ?, ?)[0m  [["city", "Anaheim"], ["state", "California"], ["country", "USA"], ["created_at", "2022-02-26 17:30:12.448622"], ["updated_at", "2022-02-26 17:30:12.448622"]]
  [1m[36mTRANSACTION (1.0ms)[0m  [1m[36mcommit transaction[0m
  [1m[36mTRANSACTION (0.0ms)[0m  [1m[36mbegin transaction[0m
  [1m[36mAttraction Create (0.3ms)[0m  [1m[32mINSERT INTO "attractions" ("name", "description", "location_id", "created_at", "updated_at") VALUES (?, ?, ?, ?, ?)[0m  [["name", "Disneyland"], ["description", "Happiest place on Earth!"], ["location_id", 3], ["created_at", "2022-02-26 17:30:12.461311"], ["updated_at", "2022-02-26 17:30:12.461311"]]
  [1m[36mTRANSACTION (1.0ms)[0m  [1m[36mcommit transaction[0m
  [1m[36mAttraction Load (0.1ms)[0m  [1m[34mSELECT "attractions".* FROM "attractions" ORDER BY "attractions"."id" ASC LIMIT ?[0m  [["LIMIT", 1]]
  [1m[36mUser Load (0.1ms)[0m  [1m[34mSELECT "users".* FROM "users" ORDER BY "users"."id" ASC LIMIT ?[0m  [["LIMIT", 1]]
  [1m[35m (0.4ms)[0m  [1m[34mSELECT sqlite_version(*)[0m
  [1m[35m (0.1ms)[0m  [1m[34mSELECT "schema_migrations"."version" FROM "schema_migrations" ORDER BY "schema_migrations"."version" ASC[0m
  [1m[35m (0.0ms)[0m  [1m[34mSELECT "schema_migrations"."version" FROM "schema_migrations" ORDER BY "schema_migrations"."version" ASC[0m
  [1m[35m (0.0ms)[0m  [1m[34mSELECT "schema_migrations"."version" FROM "schema_migrations" ORDER BY "schema_migrations"."version" ASC[0m
  [1m[35m (0.0ms)[0m  [1m[34mSELECT "schema_migrations"."version" FROM "schema_migrations" ORDER BY "schema_migrations"."version" ASC[0m
Migrating to CreateVisits (20220226155953)
  [1m[36mTRANSACTION (0.1ms)[0m  [1m[36mbegin transaction[0m
  [1m[35m (0.4ms)[0m  [1m[35mDROP TABLE "visits"[0m
  [1m[36mActiveRecord::SchemaMigration Destroy (0.5ms)[0m  [1m[31mDELETE FROM "schema_migrations" WHERE "schema_migrations"."version" = ?[0m  [["version", "20220226155953"]]
  [1m[36mTRANSACTION (1.3ms)[0m  [1m[36mcommit transaction[0m
  [1m[35m (0.1ms)[0m  [1m[34mSELECT sqlite_version(*)[0m
  [1m[35m (0.1ms)[0m  [1m[34mSELECT "schema_migrations"."version" FROM "schema_migrations" ORDER BY "schema_migrations"."version" ASC[0m
  [1m[35m (0.4ms)[0m  [1m[34mSELECT sqlite_version(*)[0m
  [1m[35m (0.1ms)[0m  [1m[34mSELECT "schema_migrations"."version" FROM "schema_migrations" ORDER BY "schema_migrations"."version" ASC[0m
  [1m[35m (0.1ms)[0m  [1m[34mSELECT "schema_migrations"."version" FROM "schema_migrations" ORDER BY "schema_migrations"."version" ASC[0m
  [1m[35m (0.0ms)[0m  [1m[34mSELECT "schema_migrations"."version" FROM "schema_migrations" ORDER BY "schema_migrations"."version" ASC[0m
  [1m[35m (0.0ms)[0m  [1m[34mSELECT "schema_migrations"."version" FROM "schema_migrations" ORDER BY "schema_migrations"."version" ASC[0m
Migrating to CreateTrips (20220226112709)
  [1m[36mTRANSACTION (0.1ms)[0m  [1m[36mbegin transaction[0m
  [1m[35m (0.6ms)[0m  [1m[35mDROP TABLE "trips"[0m
  [1m[36mActiveRecord::SchemaMigration Destroy (0.2ms)[0m  [1m[31mDELETE FROM "schema_migrations" WHERE "schema_migrations"."version" = ?[0m  [["version", "20220226112709"]]
  [1m[36mTRANSACTION (1.1ms)[0m  [1m[36mcommit transaction[0m
  [1m[35m (0.1ms)[0m  [1m[34mSELECT sqlite_version(*)[0m
  [1m[35m (0.7ms)[0m  [1m[34mSELECT "schema_migrations"."version" FROM "schema_migrations" ORDER BY "schema_migrations"."version" ASC[0m
  [1m[35m (0.4ms)[0m  [1m[34mSELECT sqlite_version(*)[0m
  [1m[35m (0.1ms)[0m  [1m[34mSELECT "schema_migrations"."version" FROM "schema_migrations" ORDER BY "schema_migrations"."version" ASC[0m
Migrating to CreateTrips (20220226112709)
  [1m[36mTRANSACTION (0.1ms)[0m  [1m[36mbegin transaction[0m
  [1m[35m (0.4ms)[0m  [1m[35mCREATE TABLE "trips" ("id" integer PRIMARY KEY AUTOINCREMENT NOT NULL, "name" varchar, "start_date" varchar, "end_date" varchar, "location_id" integer, "user_id" integer, "created_at" datetime(6) NOT NULL, "updated_at" datetime(6) NOT NULL)[0m
  [1m[36mActiveRecord::SchemaMigration Create (0.2ms)[0m  [1m[32mINSERT INTO "schema_migrations" ("version") VALUES (?)[0m  [["version", "20220226112709"]]
  [1m[36mTRANSACTION (1.1ms)[0m  [1m[36mcommit transaction[0m
Migrating to CreateVisits (20220226155953)
  [1m[36mTRANSACTION (0.1ms)[0m  [1m[36mbegin transaction[0m
  [1m[35m (0.4ms)[0m  [1m[35mCREATE TABLE "visits" ("id" integer PRIMARY KEY AUTOINCREMENT NOT NULL, "trip_id" integer, "attraction_id" integer, "date" date, "created_at" datetime(6) NOT NULL, "updated_at" datetime(6) NOT NULL)[0m
  [1m[36mActiveRecord::SchemaMigration Create (0.2ms)[0m  [1m[32mINSERT INTO "schema_migrations" ("version") VALUES (?)[0m  [["version", "20220226155953"]]
  [1m[36mTRANSACTION (1.1ms)[0m  [1m[36mcommit transaction[0m
  [1m[36mActiveRecord::InternalMetadata Load (0.1ms)[0m  [1m[34mSELECT "ar_internal_metadata".* FROM "ar_internal_metadata" WHERE "ar_internal_metadata"."key" = ? LIMIT ?[0m  [["key", "environment"], ["LIMIT", 1]]
  [1m[35m (0.0ms)[0m  [1m[34mSELECT sqlite_version(*)[0m
  [1m[35m (0.1ms)[0m  [1m[34mSELECT "schema_migrations"."version" FROM "schema_migrations" ORDER BY "schema_migrations"."version" ASC[0m
